<?xml version="1.0" encoding="UTF-8"?>
<testng-results skipped="0" failed="0" ignored="0" total="1" passed="1">
  <reporter-output>
  </reporter-output>
  <suite name="Default suite" duration-ms="25383" started-at="2019-11-23T13:02:20Z" finished-at="2019-11-23T13:02:45Z">
    <groups>
    </groups>
    <test name="Default test" duration-ms="25383" started-at="2019-11-23T13:02:20Z" finished-at="2019-11-23T13:02:45Z">
      <class name="seleniumMethods.AutosuggestAndCalender">
        <test-method status="PASS" signature="launchbrowser()[pri:0, instance:seleniumMethods.AutosuggestAndCalender@7e0e6aa2]" name="launchbrowser" is-config="true" duration-ms="3428" started-at="2019-11-23T13:02:20Z" finished-at="2019-11-23T13:02:23Z">
          <reporter-output>
          </reporter-output>
        </test-method> <!-- launchbrowser -->
        <test-method status="PASS" signature="autosuggestCalender()[pri:0, instance:seleniumMethods.AutosuggestAndCalender@7e0e6aa2]" name="autosuggestCalender" duration-ms="19290" started-at="2019-11-23T13:02:23Z" finished-at="2019-11-23T13:02:42Z">
          <reporter-output>
          </reporter-output>
        </test-method> <!-- autosuggestCalender -->
        <test-method status="PASS" signature="close()[pri:0, instance:seleniumMethods.AutosuggestAndCalender@7e0e6aa2]" name="close" is-config="true" duration-ms="2618" started-at="2019-11-23T13:02:42Z" finished-at="2019-11-23T13:02:45Z">
          <reporter-output>
          </reporter-output>
        </test-method> <!-- close -->
      </class> <!-- seleniumMethods.AutosuggestAndCalender -->
    </test> <!-- Default test -->
  </suite> <!-- Default suite -->
</testng-results>
