<?xml version="1.0" encoding="UTF-8"?>
<testng-results skipped="0" failed="0" ignored="0" total="1" passed="1">
  <reporter-output>
  </reporter-output>
  <suite name="Default suite" duration-ms="87" started-at="2019-10-12T11:37:35Z" finished-at="2019-10-12T11:37:35Z">
    <groups>
    </groups>
    <test name="Default test" duration-ms="87" started-at="2019-10-12T11:37:35Z" finished-at="2019-10-12T11:37:35Z">
      <class name="testNg.Anotations">
        <test-method status="PASS" signature="login()[pri:0, instance:testNg.Anotations@61832929]" name="login" duration-ms="39" started-at="2019-10-12T11:37:35Z" finished-at="2019-10-12T11:37:35Z">
          <reporter-output>
          </reporter-output>
        </test-method> <!-- login -->
      </class> <!-- testNg.Anotations -->
    </test> <!-- Default test -->
  </suite> <!-- Default suite -->
</testng-results>
